<?xml version="1.0" encoding="UTF-8"?>
<!-- Generated by org.testng.reporters.JUnitXMLReporter -->
<testsuite ignored="0" hostname="hp" failures="0" tests="3" name="Default test" time="26.367" errors="0" timestamp="03 Jun 2021 12:53:32 GMT">
  <testcase classname="com.medicare.MedicareBackendApplicationTests" name="contextLoads" time="0.005"/>
  <testcase classname="com.medicare.MedicareBackendApplicationTests" name="moveToCart" time="2.252"/>
  <testcase classname="com.medicare.MedicareBackendApplicationTests" name="moveToOrders" time="2.314"/>
</testsuite> <!-- Default test -->
