<?xml version="1.0" encoding="UTF-8"?>
<!-- Generated by org.testng.reporters.JUnitXMLReporter -->
<testsuite ignored="0" hostname="hp" failures="0" tests="6" name="Test" time="66.79" errors="0" timestamp="06 Jun 2021 06:41:56 GMT">
  <testcase classname="com.medicare.MedicareBackendApplicationTests" name="contextLoads" time="0.082"/>
  <testcase classname="com.medicare.MedicareBackendApplicationTests" name="moveToCart" time="2.443"/>
  <testcase classname="com.medicare.MedicareBackendApplicationTests" name="moveToOrders" time="2.682"/>
  <testcase classname="com.medicare.AdminTest" name="adminPage" time="1.308"/>
  <testcase classname="com.medicare.AdminTest" name="loginLogout" time="2.102"/>
  <testcase classname="com.medicare.AdminTest" name="sortByPrice" time="3.758"/>
</testsuite> <!-- Test -->
