<?xml version="1.0" encoding="UTF-8"?>
<!-- Generated by org.testng.reporters.JUnitXMLReporter -->
<testsuite ignored="0" hostname="hp" failures="0" tests="6" name="Test" time="49.151" errors="0" timestamp="03 Jun 2021 12:56:38 GMT">
  <testcase classname="com.medicare.MedicareBackendApplicationTests" name="contextLoads" time="0.015"/>
  <testcase classname="com.medicare.MedicareBackendApplicationTests" name="moveToCart" time="2.239"/>
  <testcase classname="com.medicare.MedicareBackendApplicationTests" name="moveToOrders" time="2.321"/>
  <testcase classname="com.medicare.AdminTest" name="adminPage" time="0.684"/>
  <testcase classname="com.medicare.AdminTest" name="loginLogout" time="2.099"/>
  <testcase classname="com.medicare.AdminTest" name="sortByPrice" time="2.917"/>
</testsuite> <!-- Test -->
