<?xml version="1.0" encoding="UTF-8"?>
<testng-results ignored="0" total="1" passed="1" failed="0" skipped="0">
  <reporter-output>
  </reporter-output>
  <suite started-at="2021-06-03T05:31:47Z" name="Default suite" finished-at="2021-06-03T05:31:47Z" duration-ms="30">
    <groups>
    </groups>
    <test started-at="2021-06-03T05:31:47Z" name="Default test" finished-at="2021-06-03T05:31:47Z" duration-ms="30">
      <class name="com.medicare.testNG.TestNG">
        <test-method signature="first()[pri:0, instance:com.medicare.testNG.TestNG@36b4091c]" started-at="2021-06-03T05:31:47Z" name="first" finished-at="2021-06-03T05:31:47Z" duration-ms="11" status="PASS">
          <reporter-output>
          </reporter-output>
        </test-method> <!-- first -->
      </class> <!-- com.medicare.testNG.TestNG -->
    </test> <!-- Default test -->
  </suite> <!-- Default suite -->
</testng-results>
